Drill report for SOLDERING_IRON_CONTROLLER.kicad_pcb
Created on 2026-01-30T05:50:58+0530

Copper Layer Stackup:
    =============================================================
    L1 :  F.Cu                      front
    L2 :  B.Cu                      back


Drill file 'SOLDERING_IRON_CONTROLLER-PTH.drl' contains
    plated through holes:
    =============================================================
    T1  0.300mm  0.0118"  (9 holes)
    T2  0.350mm  0.0138"  (4 holes)
    T3  0.500mm  0.0197"  (32 holes)
    T4  0.800mm  0.0315"  (7 holes)
    T5  0.950mm  0.0374"  (3 holes)
    T6  1.000mm  0.0394"  (8 holes)
    T7  1.100mm  0.0433"  (4 holes)
    T8  1.290mm  0.0508"  (1 hole)
    T9  1.300mm  0.0512"  (4 holes)
    T10  1.320mm  0.0520"  (4 holes)
    T11  1.980mm  0.0780"  (4 holes)
    T12  3.500mm  0.1378"  (4 holes)

    Total plated holes count 84


Drill file 'SOLDERING_IRON_CONTROLLER-NPTH.drl' contains
    unplated through holes:
    =============================================================

    Total unplated holes count 0
